2018-12-14 14:28:30.580 [SimpleAsyncTaskExecutor-1] ERROR [o.s.a.i.SimpleAsyncUncaughtExceptionHandler:37] - Unexpected error occurred invoking async method 'public void cn.jeelearn.house.biz.service.base.MailService.sendMail(java.lang.String,java.lang.String,java.lang.String)'.
org.springframework.mail.MailSendException: Failed messages: com.sun.mail.smtp.SMTPSendFailedException: 554 DT:SPM 163 smtp13,EcCowABntfqOTRNcABsMAg--.20449S3 1544768910,please see http://mail.163.com/help/help_spam_16.htm?ip=36.110.118.69&hostid=smtp13&time=1544768910

	at org.springframework.mail.javamail.JavaMailSenderImpl.doSend(JavaMailSenderImpl.java:474)
	at org.springframework.mail.javamail.JavaMailSenderImpl.send(JavaMailSenderImpl.java:307)
	at org.springframework.mail.javamail.JavaMailSenderImpl.send(JavaMailSenderImpl.java:296)
	at cn.jeelearn.house.biz.service.base.MailService.sendMail(MailService.java:79)
	at cn.jeelearn.house.biz.service.base.MailService$$FastClassBySpringCGLIB$$a249ef54.invoke(<generated>)
	at org.springframework.cglib.proxy.MethodProxy.invoke(MethodProxy.java:204)
	at org.springframework.aop.framework.CglibAopProxy$CglibMethodInvocation.invokeJoinpoint(CglibAopProxy.java:738)
	at org.springframework.aop.framework.ReflectiveMethodInvocation.proceed(ReflectiveMethodInvocation.java:157)
	at org.springframework.aop.interceptor.AsyncExecutionInterceptor$1.call(AsyncExecutionInterceptor.java:115)
	at java.util.concurrent.FutureTask.run(FutureTask.java:266)
	at java.lang.Thread.run(Thread.java:748)
2018-12-14 14:34:21.351 [SimpleAsyncTaskExecutor-1] ERROR [o.s.a.i.SimpleAsyncUncaughtExceptionHandler:37] - Unexpected error occurred invoking async method 'public void cn.jeelearn.house.biz.service.base.MailService.sendMail(java.lang.String,java.lang.String,java.lang.String)'.
org.springframework.mail.MailSendException: Failed messages: com.sun.mail.smtp.SMTPSendFailedException: 554 DT:SPM 163 smtp13,EcCowAAHh9_tThNc548MAg--.29795S3 1544769261,please see http://mail.163.com/help/help_spam_16.htm?ip=36.110.118.69&hostid=smtp13&time=1544769261

	at org.springframework.mail.javamail.JavaMailSenderImpl.doSend(JavaMailSenderImpl.java:474)
	at org.springframework.mail.javamail.JavaMailSenderImpl.send(JavaMailSenderImpl.java:307)
	at org.springframework.mail.javamail.JavaMailSenderImpl.send(JavaMailSenderImpl.java:296)
	at cn.jeelearn.house.biz.service.base.MailService.sendMail(MailService.java:79)
	at cn.jeelearn.house.biz.service.base.MailService$$FastClassBySpringCGLIB$$a249ef54.invoke(<generated>)
	at org.springframework.cglib.proxy.MethodProxy.invoke(MethodProxy.java:204)
	at org.springframework.aop.framework.CglibAopProxy$CglibMethodInvocation.invokeJoinpoint(CglibAopProxy.java:738)
	at org.springframework.aop.framework.ReflectiveMethodInvocation.proceed(ReflectiveMethodInvocation.java:157)
	at org.springframework.aop.interceptor.AsyncExecutionInterceptor$1.call(AsyncExecutionInterceptor.java:115)
	at java.util.concurrent.FutureTask.run(FutureTask.java:266)
	at java.lang.Thread.run(Thread.java:748)
2018-12-14 14:35:09.414 [SimpleAsyncTaskExecutor-1] ERROR [o.s.a.i.SimpleAsyncUncaughtExceptionHandler:37] - Unexpected error occurred invoking async method 'public void cn.jeelearn.house.biz.service.base.MailService.sendMail(java.lang.String,java.lang.String,java.lang.String)'.
org.springframework.mail.MailSendException: Failed messages: com.sun.mail.smtp.SMTPSendFailedException: 554 DT:SPM 163 smtp13,EcCowAAXhQIdTxNcIqYMAg--.20659S3 1544769309,please see http://mail.163.com/help/help_spam_16.htm?ip=36.110.118.69&hostid=smtp13&time=1544769309

	at org.springframework.mail.javamail.JavaMailSenderImpl.doSend(JavaMailSenderImpl.java:474)
	at org.springframework.mail.javamail.JavaMailSenderImpl.send(JavaMailSenderImpl.java:307)
	at org.springframework.mail.javamail.JavaMailSenderImpl.send(JavaMailSenderImpl.java:296)
	at cn.jeelearn.house.biz.service.base.MailService.sendMail(MailService.java:79)
	at cn.jeelearn.house.biz.service.base.MailService$$FastClassBySpringCGLIB$$a249ef54.invoke(<generated>)
	at org.springframework.cglib.proxy.MethodProxy.invoke(MethodProxy.java:204)
	at org.springframework.aop.framework.CglibAopProxy$CglibMethodInvocation.invokeJoinpoint(CglibAopProxy.java:738)
	at org.springframework.aop.framework.ReflectiveMethodInvocation.proceed(ReflectiveMethodInvocation.java:157)
	at org.springframework.aop.interceptor.AsyncExecutionInterceptor$1.call(AsyncExecutionInterceptor.java:115)
	at java.util.concurrent.FutureTask.run(FutureTask.java:266)
	at java.lang.Thread.run(Thread.java:748)
2018-12-14 14:37:21.465 [SimpleAsyncTaskExecutor-1] ERROR [o.s.a.i.SimpleAsyncUncaughtExceptionHandler:37] - Unexpected error occurred invoking async method 'public void cn.jeelearn.house.biz.service.base.MailService.sendMail(java.lang.String,java.lang.String,java.lang.String)'.
org.springframework.mail.MailSendException: Failed messages: com.sun.mail.smtp.SMTPSendFailedException: 554 DT:SPM 163 smtp7,C8CowABnIVShTxNc2BopAA--.3297S3 1544769441,please see http://mail.163.com/help/help_spam_16.htm?ip=36.110.118.69&hostid=smtp7&time=1544769441

	at org.springframework.mail.javamail.JavaMailSenderImpl.doSend(JavaMailSenderImpl.java:474)
	at org.springframework.mail.javamail.JavaMailSenderImpl.send(JavaMailSenderImpl.java:307)
	at org.springframework.mail.javamail.JavaMailSenderImpl.send(JavaMailSenderImpl.java:296)
	at cn.jeelearn.house.biz.service.base.MailService.sendMail(MailService.java:79)
	at cn.jeelearn.house.biz.service.base.MailService$$FastClassBySpringCGLIB$$a249ef54.invoke(<generated>)
	at org.springframework.cglib.proxy.MethodProxy.invoke(MethodProxy.java:204)
	at org.springframework.aop.framework.CglibAopProxy$CglibMethodInvocation.invokeJoinpoint(CglibAopProxy.java:738)
	at org.springframework.aop.framework.ReflectiveMethodInvocation.proceed(ReflectiveMethodInvocation.java:157)
	at org.springframework.aop.interceptor.AsyncExecutionInterceptor$1.call(AsyncExecutionInterceptor.java:115)
	at java.util.concurrent.FutureTask.run(FutureTask.java:266)
	at java.lang.Thread.run(Thread.java:748)
2018-12-14 14:42:36.756 [SimpleAsyncTaskExecutor-1] ERROR [o.s.a.i.SimpleAsyncUncaughtExceptionHandler:37] - Unexpected error occurred invoking async method 'public void cn.jeelearn.house.biz.service.base.MailService.sendMail(java.lang.String,java.lang.String,java.lang.String)'.
org.springframework.mail.MailSendException: Failed messages: com.sun.mail.smtp.SMTPSendFailedException: 554 DT:SPM 163 smtp7,C8CowADX7F3cUBNcIokpAA--.2932S3 1544769756,please see http://mail.163.com/help/help_spam_16.htm?ip=36.110.118.69&hostid=smtp7&time=1544769756

	at org.springframework.mail.javamail.JavaMailSenderImpl.doSend(JavaMailSenderImpl.java:474)
	at org.springframework.mail.javamail.JavaMailSenderImpl.send(JavaMailSenderImpl.java:307)
	at org.springframework.mail.javamail.JavaMailSenderImpl.send(JavaMailSenderImpl.java:296)
	at cn.jeelearn.house.biz.service.base.MailService.sendMail(MailService.java:79)
	at cn.jeelearn.house.biz.service.base.MailService$$FastClassBySpringCGLIB$$a249ef54.invoke(<generated>)
	at org.springframework.cglib.proxy.MethodProxy.invoke(MethodProxy.java:204)
	at org.springframework.aop.framework.CglibAopProxy$CglibMethodInvocation.invokeJoinpoint(CglibAopProxy.java:738)
	at org.springframework.aop.framework.ReflectiveMethodInvocation.proceed(ReflectiveMethodInvocation.java:157)
	at org.springframework.aop.interceptor.AsyncExecutionInterceptor$1.call(AsyncExecutionInterceptor.java:115)
	at java.util.concurrent.FutureTask.run(FutureTask.java:266)
	at java.lang.Thread.run(Thread.java:748)
2018-12-14 14:45:21.284 [SimpleAsyncTaskExecutor-1] ERROR [o.s.a.i.SimpleAsyncUncaughtExceptionHandler:37] - Unexpected error occurred invoking async method 'public void cn.jeelearn.house.biz.service.base.MailService.sendMail(java.lang.String,java.lang.String,java.lang.String)'.
org.springframework.mail.MailSendException: Failed messages: com.sun.mail.smtp.SMTPSendFailedException: 554 DT:SPM 163 smtp7,C8CowADnLFaBURNcJ8UpAA--.3171S3 1544769921,please see http://mail.163.com/help/help_spam_16.htm?ip=36.110.118.69&hostid=smtp7&time=1544769921

	at org.springframework.mail.javamail.JavaMailSenderImpl.doSend(JavaMailSenderImpl.java:474)
	at org.springframework.mail.javamail.JavaMailSenderImpl.send(JavaMailSenderImpl.java:307)
	at org.springframework.mail.javamail.JavaMailSenderImpl.send(JavaMailSenderImpl.java:296)
	at cn.jeelearn.house.biz.service.base.MailService.sendMail(MailService.java:80)
	at cn.jeelearn.house.biz.service.base.MailService$$FastClassBySpringCGLIB$$a249ef54.invoke(<generated>)
	at org.springframework.cglib.proxy.MethodProxy.invoke(MethodProxy.java:204)
	at org.springframework.aop.framework.CglibAopProxy$CglibMethodInvocation.invokeJoinpoint(CglibAopProxy.java:738)
	at org.springframework.aop.framework.ReflectiveMethodInvocation.proceed(ReflectiveMethodInvocation.java:157)
	at org.springframework.aop.interceptor.AsyncExecutionInterceptor$1.call(AsyncExecutionInterceptor.java:115)
	at java.util.concurrent.FutureTask.run(FutureTask.java:266)
	at java.lang.Thread.run(Thread.java:748)
2018-12-14 14:47:54.647 [SimpleAsyncTaskExecutor-1] ERROR [o.s.a.i.SimpleAsyncUncaughtExceptionHandler:37] - Unexpected error occurred invoking async method 'public void cn.jeelearn.house.biz.service.base.MailService.sendMail(java.lang.String,java.lang.String,java.lang.String)'.
org.springframework.mail.MailSendException: Failed messages: com.sun.mail.smtp.SMTPSendFailedException: 554 DT:SPM 163 smtp1,C9GowABHhPgaUhNcjiT1AA--.50422S3 1544770074,please see http://mail.163.com/help/help_spam_16.htm?ip=36.110.118.65&hostid=smtp1&time=1544770074

	at org.springframework.mail.javamail.JavaMailSenderImpl.doSend(JavaMailSenderImpl.java:474)
	at org.springframework.mail.javamail.JavaMailSenderImpl.send(JavaMailSenderImpl.java:307)
	at org.springframework.mail.javamail.JavaMailSenderImpl.send(JavaMailSenderImpl.java:296)
	at cn.jeelearn.house.biz.service.base.MailService.sendMail(MailService.java:80)
	at cn.jeelearn.house.biz.service.base.MailService$$FastClassBySpringCGLIB$$a249ef54.invoke(<generated>)
	at org.springframework.cglib.proxy.MethodProxy.invoke(MethodProxy.java:204)
	at org.springframework.aop.framework.CglibAopProxy$CglibMethodInvocation.invokeJoinpoint(CglibAopProxy.java:738)
	at org.springframework.aop.framework.ReflectiveMethodInvocation.proceed(ReflectiveMethodInvocation.java:157)
	at org.springframework.aop.interceptor.AsyncExecutionInterceptor$1.call(AsyncExecutionInterceptor.java:115)
	at java.util.concurrent.FutureTask.run(FutureTask.java:266)
	at java.lang.Thread.run(Thread.java:748)
2018-12-14 14:48:48.481 [SimpleAsyncTaskExecutor-1] ERROR [o.s.a.i.SimpleAsyncUncaughtExceptionHandler:37] - Unexpected error occurred invoking async method 'public void cn.jeelearn.house.biz.service.base.MailService.sendMail(java.lang.String,java.lang.String,java.lang.String)'.
org.springframework.mail.MailSendException: Failed messages: com.sun.mail.smtp.SMTPSendFailedException: 554 DT:SPM 163 smtp1,C9GowADnXJpQUhNcrz31AA--.49815S3 1544770128,please see http://mail.163.com/help/help_spam_16.htm?ip=36.110.118.65&hostid=smtp1&time=1544770128

	at org.springframework.mail.javamail.JavaMailSenderImpl.doSend(JavaMailSenderImpl.java:474)
	at org.springframework.mail.javamail.JavaMailSenderImpl.send(JavaMailSenderImpl.java:307)
	at org.springframework.mail.javamail.JavaMailSenderImpl.send(JavaMailSenderImpl.java:296)
	at cn.jeelearn.house.biz.service.base.MailService.sendMail(MailService.java:79)
	at cn.jeelearn.house.biz.service.base.MailService$$FastClassBySpringCGLIB$$a249ef54.invoke(<generated>)
	at org.springframework.cglib.proxy.MethodProxy.invoke(MethodProxy.java:204)
	at org.springframework.aop.framework.CglibAopProxy$CglibMethodInvocation.invokeJoinpoint(CglibAopProxy.java:738)
	at org.springframework.aop.framework.ReflectiveMethodInvocation.proceed(ReflectiveMethodInvocation.java:157)
	at org.springframework.aop.interceptor.AsyncExecutionInterceptor$1.call(AsyncExecutionInterceptor.java:115)
	at java.util.concurrent.FutureTask.run(FutureTask.java:266)
	at java.lang.Thread.run(Thread.java:748)
2018-12-14 15:00:35.097 [SimpleAsyncTaskExecutor-1] ERROR [o.s.a.i.SimpleAsyncUncaughtExceptionHandler:37] - Unexpected error occurred invoking async method 'public void cn.jeelearn.house.biz.service.base.MailService.sendMail(java.lang.String,java.lang.String,java.lang.String)'.
org.springframework.mail.MailSendException: Failed messages: com.sun.mail.smtp.SMTPSendFailedException: 554 DT:SPM 163 smtp14,EsCowACnl4YSVRNcrS4nFA--.57524S3 1544770835,please see http://mail.163.com/help/help_spam_16.htm?ip=36.110.118.69&hostid=smtp14&time=1544770835

	at org.springframework.mail.javamail.JavaMailSenderImpl.doSend(JavaMailSenderImpl.java:474)
	at org.springframework.mail.javamail.JavaMailSenderImpl.send(JavaMailSenderImpl.java:307)
	at org.springframework.mail.javamail.JavaMailSenderImpl.send(JavaMailSenderImpl.java:296)
	at cn.jeelearn.house.biz.service.base.MailService.sendMail(MailService.java:79)
	at cn.jeelearn.house.biz.service.base.MailService$$FastClassBySpringCGLIB$$a249ef54.invoke(<generated>)
	at org.springframework.cglib.proxy.MethodProxy.invoke(MethodProxy.java:204)
	at org.springframework.aop.framework.CglibAopProxy$CglibMethodInvocation.invokeJoinpoint(CglibAopProxy.java:738)
	at org.springframework.aop.framework.ReflectiveMethodInvocation.proceed(ReflectiveMethodInvocation.java:157)
	at org.springframework.aop.interceptor.AsyncExecutionInterceptor$1.call(AsyncExecutionInterceptor.java:115)
	at java.util.concurrent.FutureTask.run(FutureTask.java:266)
	at java.lang.Thread.run(Thread.java:748)
2018-12-14 15:18:53.328 [SimpleAsyncTaskExecutor-1] ERROR [o.s.a.i.SimpleAsyncUncaughtExceptionHandler:37] - Unexpected error occurred invoking async method 'public void cn.jeelearn.house.biz.service.base.MailService.sendMail(java.lang.String,java.lang.String,java.lang.String)'.
org.springframework.mail.MailSendException: Failed messages: com.sun.mail.smtp.SMTPSendFailedException: 554 DT:SPM 163 smtp12,EMCowACncyJcWRNcZfRuDA--.49922S3 1544771933,please see http://mail.163.com/help/help_spam_16.htm?ip=36.110.118.69&hostid=smtp12&time=1544771933

	at org.springframework.mail.javamail.JavaMailSenderImpl.doSend(JavaMailSenderImpl.java:474)
	at org.springframework.mail.javamail.JavaMailSenderImpl.send(JavaMailSenderImpl.java:307)
	at org.springframework.mail.javamail.JavaMailSenderImpl.send(JavaMailSenderImpl.java:296)
	at cn.jeelearn.house.biz.service.base.MailService.sendMail(MailService.java:79)
	at cn.jeelearn.house.biz.service.base.MailService$$FastClassBySpringCGLIB$$a249ef54.invoke(<generated>)
	at org.springframework.cglib.proxy.MethodProxy.invoke(MethodProxy.java:204)
	at org.springframework.aop.framework.CglibAopProxy$CglibMethodInvocation.invokeJoinpoint(CglibAopProxy.java:738)
	at org.springframework.aop.framework.ReflectiveMethodInvocation.proceed(ReflectiveMethodInvocation.java:157)
	at org.springframework.aop.interceptor.AsyncExecutionInterceptor$1.call(AsyncExecutionInterceptor.java:115)
	at java.util.concurrent.FutureTask.run(FutureTask.java:266)
	at java.lang.Thread.run(Thread.java:748)
