2018-12-14 13:02:34.453 [main] INFO  [o.s.b.t.context.SpringBootTestContextBootstrapper:319] - Neither @ContextConfiguration nor @ContextHierarchy found for test class [cn.jeelearn.house.web.AuthTests], using SpringBootContextLoader
2018-12-14 13:02:34.463 [main] INFO  [o.s.test.context.support.AbstractContextLoader:264] - Could not detect default resource locations for test class [cn.jeelearn.house.web.AuthTests]: no resource found for suffixes {-context.xml, Context.groovy}.
2018-12-14 13:02:34.463 [main] INFO  [o.s.t.c.support.AnnotationConfigContextLoaderUtils:81] - Could not detect default configuration classes for test class [cn.jeelearn.house.web.AuthTests]: AuthTests does not declare any static, non-private, non-final, nested classes annotated with @Configuration.
2018-12-14 13:02:34.743 [main] INFO  [o.s.b.t.context.SpringBootTestContextBootstrapper:177] - Found @SpringBootConfiguration cn.jeelearn.house.HouseApplication for test class cn.jeelearn.house.web.AuthTests
2018-12-14 13:02:34.753 [main] INFO  [o.s.b.t.context.SpringBootTestContextBootstrapper:260] - Loaded default TestExecutionListener class names from location [META-INF/spring.factories]: [org.springframework.boot.test.mock.mockito.MockitoTestExecutionListener, org.springframework.boot.test.mock.mockito.ResetMocksTestExecutionListener, org.springframework.boot.test.autoconfigure.restdocs.RestDocsTestExecutionListener, org.springframework.boot.test.autoconfigure.web.client.MockRestServiceServerResetTestExecutionListener, org.springframework.boot.test.autoconfigure.web.servlet.MockMvcPrintOnlyOnFailureTestExecutionListener, org.springframework.boot.test.autoconfigure.web.servlet.WebDriverTestExecutionListener, org.springframework.test.context.web.ServletTestExecutionListener, org.springframework.test.context.support.DirtiesContextBeforeModesTestExecutionListener, org.springframework.test.context.support.DependencyInjectionTestExecutionListener, org.springframework.test.context.support.DirtiesContextTestExecutionListener, org.springframework.test.context.transaction.TransactionalTestExecutionListener, org.springframework.test.context.jdbc.SqlScriptsTestExecutionListener]
2018-12-14 13:02:34.793 [main] INFO  [o.s.b.t.context.SpringBootTestContextBootstrapper:187] - Using TestExecutionListeners: [org.springframework.test.context.web.ServletTestExecutionListener@124c278f, org.springframework.test.context.support.DirtiesContextBeforeModesTestExecutionListener@15b204a1, org.springframework.boot.test.autoconfigure.SpringBootDependencyInjectionTestExecutionListener@77167fb7, org.springframework.test.context.support.DirtiesContextTestExecutionListener@1fe20588, org.springframework.test.context.transaction.TransactionalTestExecutionListener@6ce139a4, org.springframework.test.context.jdbc.SqlScriptsTestExecutionListener@6973bf95, org.springframework.boot.test.mock.mockito.MockitoTestExecutionListener@2ddc8ecb, org.springframework.boot.test.autoconfigure.restdocs.RestDocsTestExecutionListener@229d10bd, org.springframework.boot.test.mock.mockito.ResetMocksTestExecutionListener@47542153, org.springframework.boot.test.autoconfigure.web.servlet.WebDriverTestExecutionListener@33afa13b, org.springframework.boot.test.autoconfigure.web.client.MockRestServiceServerResetTestExecutionListener@7a4ccb53, org.springframework.boot.test.autoconfigure.web.servlet.MockMvcPrintOnlyOnFailureTestExecutionListener@309e345f]
2018-12-14 13:02:36.453 [main] INFO  [cn.jeelearn.house.web.AuthTests:48] - Starting AuthTests on lyd-PC with PID 5720 (started by lyd in G:\item_idea\springboot-house\housev1.0\house\house-web)
2018-12-14 13:02:36.453 [main] INFO  [cn.jeelearn.house.web.AuthTests:666] - The following profiles are active: dev
2018-12-14 13:02:36.523 [main] INFO  [o.s.b.c.e.AnnotationConfigEmbeddedWebApplicationContext:583] - Refreshing org.springframework.boot.context.embedded.AnnotationConfigEmbeddedWebApplicationContext@446a1e84: startup date [Fri Dec 14 13:02:36 CST 2018]; root of context hierarchy
2018-12-14 13:02:36.873 [background-preinit] INFO  [org.hibernate.validator.internal.util.Version:30] - HV000001: Hibernate Validator 5.2.5.Final
2018-12-14 13:02:40.703 [main] INFO  [o.s.b.c.e.tomcat.TomcatEmbeddedServletContainer:89] - Tomcat initialized with port(s): 0 (http)
2018-12-14 13:02:40.723 [main] INFO  [org.apache.catalina.core.StandardService:179] - Starting service [Tomcat]
2018-12-14 13:02:40.733 [main] INFO  [org.apache.catalina.core.StandardEngine:179] - Starting Servlet Engine: Apache Tomcat/8.5.15
2018-12-14 13:02:41.283 [localhost-startStop-1] INFO  [o.a.c.core.ContainerBase.[Tomcat].[localhost].[/]:179] - Initializing Spring embedded WebApplicationContext
2018-12-14 13:02:41.283 [localhost-startStop-1] INFO  [org.springframework.web.context.ContextLoader:276] - Root WebApplicationContext: initialization completed in 4760 ms
2018-12-14 13:02:41.983 [localhost-startStop-1] INFO  [o.s.boot.web.servlet.FilterRegistrationBean:258] - Mapping filter: 'metricsFilter' to: [/*]
2018-12-14 13:02:41.983 [localhost-startStop-1] INFO  [o.s.boot.web.servlet.FilterRegistrationBean:258] - Mapping filter: 'characterEncodingFilter' to: [/*]
2018-12-14 13:02:41.983 [localhost-startStop-1] INFO  [o.s.boot.web.servlet.FilterRegistrationBean:258] - Mapping filter: 'hiddenHttpMethodFilter' to: [/*]
2018-12-14 13:02:41.983 [localhost-startStop-1] INFO  [o.s.boot.web.servlet.FilterRegistrationBean:258] - Mapping filter: 'httpPutFormContentFilter' to: [/*]
2018-12-14 13:02:41.983 [localhost-startStop-1] INFO  [o.s.boot.web.servlet.FilterRegistrationBean:258] - Mapping filter: 'requestContextFilter' to: [/*]
2018-12-14 13:02:41.983 [localhost-startStop-1] INFO  [o.s.boot.web.servlet.FilterRegistrationBean:258] - Mapping filter: 'webRequestLoggingFilter' to: [/*]
2018-12-14 13:02:41.983 [localhost-startStop-1] INFO  [o.s.boot.web.servlet.FilterRegistrationBean:271] - Mapping filter: 'logFilter' to urls: [*]
2018-12-14 13:02:41.983 [localhost-startStop-1] INFO  [o.s.boot.web.servlet.FilterRegistrationBean:258] - Mapping filter: 'applicationContextIdFilter' to: [/*]
2018-12-14 13:02:41.983 [localhost-startStop-1] INFO  [o.s.boot.web.servlet.ServletRegistrationBean:190] - Mapping servlet: 'statViewServlet' to [/druid/*]
2018-12-14 13:02:41.993 [localhost-startStop-1] INFO  [o.s.boot.web.servlet.ServletRegistrationBean:190] - Mapping servlet: 'dispatcherServlet' to [/]
2018-12-14 13:02:44.363 [main] INFO  [com.alibaba.druid.pool.DruidDataSource:930] - {dataSource-1} inited
2018-12-14 13:02:45.283 [main] INFO  [o.s.w.s.m.m.a.RequestMappingHandlerAdapter:534] - Looking for @ControllerAdvice: org.springframework.boot.context.embedded.AnnotationConfigEmbeddedWebApplicationContext@446a1e84: startup date [Fri Dec 14 13:02:36 CST 2018]; root of context hierarchy
2018-12-14 13:02:45.473 [main] INFO  [o.s.w.s.m.m.a.RequestMappingHandlerMapping:543] - Mapped "{[/hello]}" onto public java.lang.String cn.jeelearn.house.web.controller.HelloController.hello(org.springframework.ui.ModelMap)
2018-12-14 13:02:45.473 [main] INFO  [o.s.w.s.m.m.a.RequestMappingHandlerMapping:543] - Mapped "{[/testError]}" onto public java.lang.String cn.jeelearn.house.web.controller.HelloController.testError(org.springframework.ui.ModelMap)
2018-12-14 13:02:45.473 [main] INFO  [o.s.w.s.m.m.a.RequestMappingHandlerMapping:543] - Mapped "{[]}" onto public java.lang.String cn.jeelearn.house.web.controller.IndexController.index(org.springframework.ui.ModelMap)
2018-12-14 13:02:45.473 [main] INFO  [o.s.w.s.m.m.a.RequestMappingHandlerMapping:543] - Mapped "{[/index]}" onto public java.lang.String cn.jeelearn.house.web.controller.IndexController.accountsRegister(org.springframework.ui.ModelMap)
2018-12-14 13:02:45.483 [main] INFO  [o.s.w.s.m.m.a.RequestMappingHandlerMapping:543] - Mapped "{[/accounts/register]}" onto public java.lang.String cn.jeelearn.house.web.controller.UserController.register(cn.jeelearn.house.common.model.User,org.springframework.ui.ModelMap)
2018-12-14 13:02:45.483 [main] INFO  [o.s.w.s.m.m.a.RequestMappingHandlerMapping:543] - Mapped "{[/accounts/verify]}" onto public java.lang.String cn.jeelearn.house.web.controller.UserController.verify(java.lang.String)
2018-12-14 13:02:45.483 [main] INFO  [o.s.w.s.m.m.a.RequestMappingHandlerMapping:543] - Mapped "{[/accounts/logout]}" onto public java.lang.String cn.jeelearn.house.web.controller.UserController.logout(javax.servlet.http.HttpServletRequest)
2018-12-14 13:02:45.483 [main] INFO  [o.s.w.s.m.m.a.RequestMappingHandlerMapping:543] - Mapped "{[/accounts/signin]}" onto public java.lang.String cn.jeelearn.house.web.controller.UserController.signin(javax.servlet.http.HttpServletRequest)
2018-12-14 13:02:45.483 [main] INFO  [o.s.w.s.m.m.a.RequestMappingHandlerMapping:543] - Mapped "{[/accounts/user]}" onto public java.util.List<cn.jeelearn.house.common.model.User> cn.jeelearn.house.web.controller.UserController.queryUsers()
2018-12-14 13:02:45.483 [main] INFO  [o.s.w.s.m.m.a.RequestMappingHandlerMapping:543] - Mapped "{[/error]}" onto public org.springframework.http.ResponseEntity<java.util.Map<java.lang.String, java.lang.Object>> org.springframework.boot.autoconfigure.web.BasicErrorController.error(javax.servlet.http.HttpServletRequest)
2018-12-14 13:02:45.483 [main] INFO  [o.s.w.s.m.m.a.RequestMappingHandlerMapping:543] - Mapped "{[/error],produces=[text/html]}" onto public org.springframework.web.servlet.ModelAndView org.springframework.boot.autoconfigure.web.BasicErrorController.errorHtml(javax.servlet.http.HttpServletRequest,javax.servlet.http.HttpServletResponse)
2018-12-14 13:02:45.563 [main] INFO  [o.s.web.servlet.handler.SimpleUrlHandlerMapping:362] - Mapped URL path [/webjars/**] onto handler of type [class org.springframework.web.servlet.resource.ResourceHttpRequestHandler]
2018-12-14 13:02:45.563 [main] INFO  [o.s.web.servlet.handler.SimpleUrlHandlerMapping:362] - Mapped URL path [/**] onto handler of type [class org.springframework.web.servlet.resource.ResourceHttpRequestHandler]
2018-12-14 13:02:45.603 [main] INFO  [o.s.w.s.m.m.a.ExceptionHandlerExceptionResolver:273] - Detected @ExceptionHandler methods in errorHandler
2018-12-14 13:02:45.643 [main] INFO  [o.s.web.servlet.handler.SimpleUrlHandlerMapping:362] - Mapped URL path [/**/favicon.ico] onto handler of type [class org.springframework.web.servlet.resource.ResourceHttpRequestHandler]
2018-12-14 13:02:46.583 [main] INFO  [o.s.w.servlet.view.freemarker.FreeMarkerConfigurer:127] - ClassTemplateLoader for Spring macros added to FreeMarker configuration
2018-12-14 13:02:46.823 [main] INFO  [o.s.b.c.e.AnnotationConfigEmbeddedWebApplicationContext:583] - Refreshing org.springframework.boot.context.embedded.AnnotationConfigEmbeddedWebApplicationContext@2921a36a: startup date [Fri Dec 14 13:02:46 CST 2018]; parent: org.springframework.boot.context.embedded.AnnotationConfigEmbeddedWebApplicationContext@446a1e84
2018-12-14 13:02:46.893 [main] INFO  [o.s.b.factory.support.DefaultListableBeanFactory:828] - Overriding bean definition for bean 'handlerExceptionResolver' with a different definition: replacing [Root bean: class [null]; scope=; abstract=false; lazyInit=false; autowireMode=3; dependencyCheck=0; autowireCandidate=true; primary=false; factoryBeanName=org.springframework.web.servlet.config.annotation.DelegatingWebMvcConfiguration; factoryMethodName=handlerExceptionResolver; initMethodName=null; destroyMethodName=(inferred); defined in org.springframework.web.servlet.config.annotation.DelegatingWebMvcConfiguration] with [Root bean: class [null]; scope=; abstract=false; lazyInit=false; autowireMode=3; dependencyCheck=0; autowireCandidate=true; primary=false; factoryBeanName=endpointWebMvcChildContextConfiguration; factoryMethodName=compositeHandlerExceptionResolver; initMethodName=null; destroyMethodName=(inferred); defined in org.springframework.boot.actuate.autoconfigure.EndpointWebMvcChildContextConfiguration]
2018-12-14 13:02:46.983 [main] INFO  [o.s.b.c.e.tomcat.TomcatEmbeddedServletContainer:89] - Tomcat initialized with port(s): 8092 (http)
2018-12-14 13:02:46.983 [main] INFO  [org.apache.catalina.core.StandardService:179] - Starting service [Tomcat]
2018-12-14 13:02:46.983 [main] INFO  [org.apache.catalina.core.StandardEngine:179] - Starting Servlet Engine: Apache Tomcat/8.5.15
2018-12-14 13:02:47.023 [localhost-startStop-1] INFO  [o.a.c.c.ContainerBase.[Tomcat-1].[localhost].[/]:179] - Initializing Spring embedded WebApplicationContext
2018-12-14 13:02:47.023 [localhost-startStop-1] INFO  [org.springframework.web.context.ContextLoader:276] - Root WebApplicationContext: initialization completed in 200 ms
2018-12-14 13:02:47.033 [localhost-startStop-1] INFO  [o.s.boot.web.servlet.ServletRegistrationBean:190] - Mapping servlet: 'dispatcherServlet' to [/]
2018-12-14 13:02:47.203 [main] INFO  [o.s.b.actuate.endpoint.mvc.EndpointHandlerMapping:543] - Mapped "{[/autoconfig || /autoconfig.json],methods=[GET],produces=[application/json]}" onto public java.lang.Object org.springframework.boot.actuate.endpoint.mvc.EndpointMvcAdapter.invoke()
2018-12-14 13:02:47.213 [main] INFO  [o.s.b.actuate.endpoint.mvc.EndpointHandlerMapping:543] - Mapped "{[/info || /info.json],methods=[GET],produces=[application/json]}" onto public java.lang.Object org.springframework.boot.actuate.endpoint.mvc.EndpointMvcAdapter.invoke()
2018-12-14 13:02:47.213 [main] INFO  [o.s.b.actuate.endpoint.mvc.EndpointHandlerMapping:543] - Mapped "{[/configprops || /configprops.json],methods=[GET],produces=[application/json]}" onto public java.lang.Object org.springframework.boot.actuate.endpoint.mvc.EndpointMvcAdapter.invoke()
2018-12-14 13:02:47.213 [main] INFO  [o.s.b.actuate.endpoint.mvc.EndpointHandlerMapping:543] - Mapped "{[/dump || /dump.json],methods=[GET],produces=[application/json]}" onto public java.lang.Object org.springframework.boot.actuate.endpoint.mvc.EndpointMvcAdapter.invoke()
2018-12-14 13:02:47.213 [main] INFO  [o.s.b.actuate.endpoint.mvc.EndpointHandlerMapping:543] - Mapped "{[/heapdump || /heapdump.json],methods=[GET],produces=[application/octet-stream]}" onto public void org.springframework.boot.actuate.endpoint.mvc.HeapdumpMvcEndpoint.invoke(boolean,javax.servlet.http.HttpServletRequest,javax.servlet.http.HttpServletResponse) throws java.io.IOException,javax.servlet.ServletException
2018-12-14 13:02:47.213 [main] INFO  [o.s.b.actuate.endpoint.mvc.EndpointHandlerMapping:543] - Mapped "{[/trace || /trace.json],methods=[GET],produces=[application/json]}" onto public java.lang.Object org.springframework.boot.actuate.endpoint.mvc.EndpointMvcAdapter.invoke()
2018-12-14 13:02:47.223 [main] INFO  [o.s.b.actuate.endpoint.mvc.EndpointHandlerMapping:543] - Mapped "{[/env/{name:.*}],methods=[GET],produces=[application/json]}" onto public java.lang.Object org.springframework.boot.actuate.endpoint.mvc.EnvironmentMvcEndpoint.value(java.lang.String)
2018-12-14 13:02:47.223 [main] INFO  [o.s.b.actuate.endpoint.mvc.EndpointHandlerMapping:543] - Mapped "{[/env || /env.json],methods=[GET],produces=[application/json]}" onto public java.lang.Object org.springframework.boot.actuate.endpoint.mvc.EndpointMvcAdapter.invoke()
2018-12-14 13:02:47.223 [main] INFO  [o.s.b.actuate.endpoint.mvc.EndpointHandlerMapping:543] - Mapped "{[/health || /health.json],produces=[application/json]}" onto public java.lang.Object org.springframework.boot.actuate.endpoint.mvc.HealthMvcEndpoint.invoke(java.security.Principal)
2018-12-14 13:02:47.223 [main] INFO  [o.s.b.actuate.endpoint.mvc.EndpointHandlerMapping:543] - Mapped "{[/beans || /beans.json],methods=[GET],produces=[application/json]}" onto public java.lang.Object org.springframework.boot.actuate.endpoint.mvc.EndpointMvcAdapter.invoke()
2018-12-14 13:02:47.233 [main] INFO  [o.s.b.actuate.endpoint.mvc.EndpointHandlerMapping:543] - Mapped "{[/mappings || /mappings.json],methods=[GET],produces=[application/json]}" onto public java.lang.Object org.springframework.boot.actuate.endpoint.mvc.EndpointMvcAdapter.invoke()
2018-12-14 13:02:47.233 [main] INFO  [o.s.b.actuate.endpoint.mvc.EndpointHandlerMapping:543] - Mapped "{[/metrics/{name:.*}],methods=[GET],produces=[application/json]}" onto public java.lang.Object org.springframework.boot.actuate.endpoint.mvc.MetricsMvcEndpoint.value(java.lang.String)
2018-12-14 13:02:47.233 [main] INFO  [o.s.b.actuate.endpoint.mvc.EndpointHandlerMapping:543] - Mapped "{[/metrics || /metrics.json],methods=[GET],produces=[application/json]}" onto public java.lang.Object org.springframework.boot.actuate.endpoint.mvc.EndpointMvcAdapter.invoke()
2018-12-14 13:02:47.253 [main] INFO  [o.s.w.s.m.m.a.RequestMappingHandlerMapping:543] - Mapped "{[/error]}" onto public java.util.Map<java.lang.String, java.lang.Object> org.springframework.boot.actuate.endpoint.mvc.ManagementErrorEndpoint.invoke()
2018-12-14 13:02:47.263 [main] INFO  [o.s.web.servlet.handler.SimpleUrlHandlerMapping:362] - Mapped URL path [/webjars/**] onto handler of type [class org.springframework.web.servlet.resource.ResourceHttpRequestHandler]
2018-12-14 13:02:47.263 [main] INFO  [o.s.web.servlet.handler.SimpleUrlHandlerMapping:362] - Mapped URL path [/**] onto handler of type [class org.springframework.web.servlet.resource.ResourceHttpRequestHandler]
2018-12-14 13:02:47.273 [main] INFO  [o.s.w.s.m.m.a.RequestMappingHandlerAdapter:534] - Looking for @ControllerAdvice: org.springframework.boot.context.embedded.AnnotationConfigEmbeddedWebApplicationContext@2921a36a: startup date [Fri Dec 14 13:02:46 CST 2018]; parent: org.springframework.boot.context.embedded.AnnotationConfigEmbeddedWebApplicationContext@446a1e84
2018-12-14 13:02:47.353 [main] INFO  [org.apache.coyote.http11.Http11NioProtocol:179] - Initializing ProtocolHandler ["http-nio-8092"]
2018-12-14 13:02:47.433 [main] INFO  [org.apache.coyote.http11.Http11NioProtocol:179] - Starting ProtocolHandler ["http-nio-8092"]
2018-12-14 13:02:47.473 [main] INFO  [org.apache.tomcat.util.net.NioSelectorPool:179] - Using a shared selector for servlet write/read
2018-12-14 13:02:47.533 [main] INFO  [o.s.b.c.e.tomcat.TomcatEmbeddedServletContainer:198] - Tomcat started on port(s): 8092 (http)
2018-12-14 13:02:47.563 [main] INFO  [org.apache.coyote.http11.Http11NioProtocol:179] - Initializing ProtocolHandler ["http-nio-auto-1"]
2018-12-14 13:02:47.563 [main] INFO  [org.apache.coyote.http11.Http11NioProtocol:179] - Starting ProtocolHandler ["http-nio-auto-1"]
2018-12-14 13:02:47.583 [main] INFO  [org.apache.tomcat.util.net.NioSelectorPool:179] - Using a shared selector for servlet write/read
2018-12-14 13:02:47.613 [main] INFO  [o.s.b.c.e.tomcat.TomcatEmbeddedServletContainer:198] - Tomcat started on port(s): 54902 (http)
2018-12-14 13:02:47.613 [main] INFO  [cn.jeelearn.house.web.AuthTests:57] - Started AuthTests in 12.55 seconds (JVM running for 14.629)
2018-12-14 13:02:48.463 [Thread-3] INFO  [o.s.b.c.e.AnnotationConfigEmbeddedWebApplicationContext:984] - Closing org.springframework.boot.context.embedded.AnnotationConfigEmbeddedWebApplicationContext@446a1e84: startup date [Fri Dec 14 13:02:36 CST 2018]; root of context hierarchy
2018-12-14 13:02:48.463 [Thread-3] INFO  [o.s.b.c.e.AnnotationConfigEmbeddedWebApplicationContext:984] - Closing org.springframework.boot.context.embedded.AnnotationConfigEmbeddedWebApplicationContext@2921a36a: startup date [Fri Dec 14 13:02:46 CST 2018]; parent: org.springframework.boot.context.embedded.AnnotationConfigEmbeddedWebApplicationContext@446a1e84
2018-12-14 13:02:48.963 [Thread-3] INFO  [com.alibaba.druid.pool.DruidDataSource:1825] - {dataSource-1} closed
